2025-01-04 21:03:43 Loading main app package /usr/lib/obsidian/obsidian.asar
2025-01-04 21:03:43 Checking for update using Github
2025-01-04 21:03:43 Success.
2025-01-04 21:03:43 Latest version is 1.7.7
2025-01-04 21:03:43 App is up to date.
2025-01-04 21:07:59 Loading main app package /usr/lib/obsidian/obsidian.asar
2025-01-04 21:07:59 Checking for update using Github
2025-01-04 21:07:59 Success.
2025-01-04 21:07:59 Latest version is 1.7.7
2025-01-04 21:07:59 App is up to date.
2025-01-04 21:17:20 Loading main app package /usr/lib/obsidian/obsidian.asar
2025-01-04 21:17:21 Checking for update using Github
2025-01-04 21:17:21 Success.
2025-01-04 21:17:21 Latest version is 1.7.7
2025-01-04 21:17:21 App is up to date.
2025-01-04 21:20:17 Loading main app package /usr/lib/obsidian/obsidian.asar
2025-01-04 21:20:18 Checking for update using Github
2025-01-04 21:20:18 Success.
2025-01-04 21:20:18 Latest version is 1.7.7
2025-01-04 21:20:18 App is up to date.
2025-01-04 21:21:41 Loading main app package /usr/lib/obsidian/obsidian.asar
2025-01-04 21:21:41 Checking for update using Github
2025-01-04 21:21:41 Success.
2025-01-04 21:21:41 Latest version is 1.7.7
2025-01-04 21:21:41 App is up to date.
2025-01-04 21:23:45 Loading main app package /usr/lib/obsidian/obsidian.asar
2025-01-04 21:23:45 Checking for update using Github
2025-01-04 21:23:46 Success.
2025-01-04 21:23:46 Latest version is 1.7.7
2025-01-04 21:23:46 App is up to date.
2025-01-04 21:24:29 Loading main app package /usr/lib/obsidian/obsidian.asar
2025-01-04 21:24:29 Checking for update using Github
2025-01-04 21:24:29 Success.
2025-01-04 21:24:29 Latest version is 1.7.7
2025-01-04 21:24:29 App is up to date.
2025-01-06 02:00:14 Loading main app package /usr/lib/obsidian/obsidian.asar
2025-01-06 02:00:14 Checking for update using Github
2025-01-06 02:00:14 Success.
2025-01-06 02:00:14 Latest version is 1.7.7
2025-01-06 02:00:14 App is up to date.
2025-01-06 02:03:58 Loading main app package /usr/lib/obsidian/obsidian.asar
2025-01-06 02:03:58 Checking for update using Github
2025-01-06 02:03:58 Success.
2025-01-06 02:03:58 Latest version is 1.7.7
2025-01-06 02:03:58 App is up to date.
2025-01-11 13:27:30 Loading main app package /usr/lib/obsidian/obsidian.asar
2025-01-11 13:27:30 Checking for update using Github
2025-01-11 13:27:30 Success.
2025-01-11 13:27:30 Latest version is 1.7.7
2025-01-11 13:27:30 App is up to date.
2025-01-11 14:27:30 Checking for update using Github
2025-01-11 14:27:30 Success.
2025-01-11 14:27:30 Latest version is 1.7.7
2025-01-11 14:27:30 App is up to date.
2025-01-14 15:59:53 Loading main app package /usr/lib/obsidian/obsidian.asar
2025-01-14 15:59:53 Checking for update using Github
2025-01-14 15:59:53 Success.
2025-01-14 15:59:53 Latest version is 1.7.7
2025-01-14 15:59:53 App is up to date.
2025-01-14 17:05:46 Checking for update using Github
2025-01-14 17:05:46 Success.
2025-01-14 17:05:46 Latest version is 1.7.7
2025-01-14 17:05:46 App is up to date.
2025-01-14 17:22:10 Loading main app package /usr/lib/obsidian/obsidian.asar
2025-01-14 17:22:11 Checking for update using Github
2025-01-14 17:22:11 Success.
2025-01-14 17:22:11 Latest version is 1.7.7
2025-01-14 17:22:11 App is up to date.
